2016-11-03 11:22:08 INFO  PropertyLoader:31 - Initializing properties
2016-11-03 11:22:10 INFO  RedisFiller:51 - Redis queue filled up
2016-11-03 11:22:17 INFO  ManagerImpl:52 - Adaptor connected
2016-11-03 11:22:17 INFO  ManagerImpl:94 - Pushing job to adaptor 500
2016-11-03 11:22:27 INFO  ManagerImpl:114 - Pushing to SQL count : 500
2016-11-03 11:22:28 INFO  DaoMySql:43 - Getting connection url jdbc:mysql://localhost:3306/trCaching user gorih pass root
2016-11-03 11:22:28 INFO  ManagerImpl:94 - Pushing job to adaptor 500
2016-11-03 11:22:36 INFO  ManagerImpl:114 - Pushing to SQL count : 500
2016-11-03 11:22:36 INFO  DaoMySql:43 - Getting connection url jdbc:mysql://localhost:3306/trCaching user gorih pass root
2016-11-03 11:22:36 INFO  ManagerImpl:94 - Pushing job to adaptor 500
2016-11-03 11:22:44 INFO  ManagerImpl:114 - Pushing to SQL count : 500
2016-11-03 11:22:44 INFO  DaoMySql:43 - Getting connection url jdbc:mysql://localhost:3306/trCaching user gorih pass root
2016-11-03 11:22:44 INFO  ManagerImpl:94 - Pushing job to adaptor 500
2016-11-03 11:22:53 INFO  ManagerImpl:114 - Pushing to SQL count : 500
2016-11-03 11:22:53 INFO  DaoMySql:43 - Getting connection url jdbc:mysql://localhost:3306/trCaching user gorih pass root
2016-11-03 11:22:53 INFO  ManagerImpl:94 - Pushing job to adaptor 500
2016-11-03 11:23:01 INFO  ManagerImpl:114 - Pushing to SQL count : 500
2016-11-03 11:23:01 INFO  DaoMySql:43 - Getting connection url jdbc:mysql://localhost:3306/trCaching user gorih pass root
2016-11-03 11:23:01 INFO  ManagerImpl:94 - Pushing job to adaptor 500
2016-11-03 11:23:10 INFO  ManagerImpl:114 - Pushing to SQL count : 500
2016-11-03 11:23:10 INFO  DaoMySql:43 - Getting connection url jdbc:mysql://localhost:3306/trCaching user gorih pass root
2016-11-03 11:23:10 INFO  ManagerImpl:94 - Pushing job to adaptor 500
2016-11-03 11:23:18 INFO  ManagerImpl:114 - Pushing to SQL count : 500
2016-11-03 11:23:18 INFO  DaoMySql:43 - Getting connection url jdbc:mysql://localhost:3306/trCaching user gorih pass root
2016-11-03 11:23:18 INFO  ManagerImpl:94 - Pushing job to adaptor 500
2016-11-03 11:23:25 INFO  DaoMySql:57 - --Dao--- Batch updated count 500
2016-11-03 11:23:26 INFO  ManagerImpl:114 - Pushing to SQL count : 500
2016-11-03 11:23:26 INFO  DaoMySql:43 - Getting connection url jdbc:mysql://localhost:3306/trCaching user gorih pass root
2016-11-03 11:23:26 INFO  ManagerImpl:94 - Pushing job to adaptor 500
2016-11-03 11:23:35 INFO  ManagerImpl:114 - Pushing to SQL count : 500
2016-11-03 11:23:35 INFO  DaoMySql:43 - Getting connection url jdbc:mysql://localhost:3306/trCaching user gorih pass root
2016-11-03 11:23:35 INFO  ManagerImpl:94 - Pushing job to adaptor 500
2016-11-03 11:23:43 INFO  ManagerImpl:114 - Pushing to SQL count : 500
2016-11-03 11:23:43 INFO  DaoMySql:43 - Getting connection url jdbc:mysql://localhost:3306/trCaching user gorih pass root
2016-11-03 11:23:43 INFO  ManagerImpl:94 - Pushing job to adaptor 500
2016-11-03 11:23:49 INFO  DaoMySql:57 - --Dao--- Batch updated count 500
2016-11-03 11:23:51 INFO  ManagerImpl:114 - Pushing to SQL count : 500
2016-11-03 11:23:51 INFO  DaoMySql:43 - Getting connection url jdbc:mysql://localhost:3306/trCaching user gorih pass root
2016-11-03 11:23:51 INFO  ManagerImpl:94 - Pushing job to adaptor 500
2016-11-03 11:23:59 INFO  ManagerImpl:114 - Pushing to SQL count : 500
2016-11-03 11:23:59 INFO  DaoMySql:43 - Getting connection url jdbc:mysql://localhost:3306/trCaching user gorih pass root
2016-11-03 11:23:59 INFO  ManagerImpl:94 - Pushing job to adaptor 500
2016-11-03 11:24:03 INFO  DaoMySql:57 - --Dao--- Batch updated count 500
2016-11-03 11:24:07 INFO  ManagerImpl:114 - Pushing to SQL count : 500
2016-11-03 11:24:07 INFO  DaoMySql:43 - Getting connection url jdbc:mysql://localhost:3306/trCaching user gorih pass root
2016-11-03 11:24:07 INFO  ManagerImpl:94 - Pushing job to adaptor 500
2016-11-03 11:24:12 INFO  DaoMySql:57 - --Dao--- Batch updated count 500
2016-11-03 11:24:16 INFO  ManagerImpl:114 - Pushing to SQL count : 500
2016-11-03 11:24:16 INFO  DaoMySql:43 - Getting connection url jdbc:mysql://localhost:3306/trCaching user gorih pass root
2016-11-03 11:24:16 INFO  ManagerImpl:94 - Pushing job to adaptor 500
2016-11-03 11:24:19 INFO  DaoMySql:57 - --Dao--- Batch updated count 500
2016-11-03 11:24:24 INFO  ManagerImpl:114 - Pushing to SQL count : 500
2016-11-03 11:24:24 INFO  DaoMySql:43 - Getting connection url jdbc:mysql://localhost:3306/trCaching user gorih pass root
2016-11-03 11:24:24 INFO  ManagerImpl:94 - Pushing job to adaptor 500
2016-11-03 11:24:25 INFO  DaoMySql:57 - --Dao--- Batch updated count 500
2016-11-03 11:24:32 INFO  ManagerImpl:114 - Pushing to SQL count : 500
2016-11-03 11:24:32 INFO  DaoMySql:43 - Getting connection url jdbc:mysql://localhost:3306/trCaching user gorih pass root
2016-11-03 11:24:32 INFO  ManagerImpl:94 - Pushing job to adaptor 500
2016-11-03 11:24:33 INFO  DaoMySql:57 - --Dao--- Batch updated count 500
2016-11-03 11:24:41 INFO  ManagerImpl:114 - Pushing to SQL count : 500
2016-11-03 11:24:41 INFO  DaoMySql:43 - Getting connection url jdbc:mysql://localhost:3306/trCaching user gorih pass root
2016-11-03 11:24:41 INFO  ManagerImpl:94 - Pushing job to adaptor 500
2016-11-03 11:24:43 INFO  DaoMySql:57 - --Dao--- Batch updated count 500
2016-11-03 11:24:49 INFO  ManagerImpl:114 - Pushing to SQL count : 500
2016-11-03 11:24:49 INFO  DaoMySql:43 - Getting connection url jdbc:mysql://localhost:3306/trCaching user gorih pass root
2016-11-03 11:24:49 INFO  ManagerImpl:94 - Pushing job to adaptor 163
2016-11-03 11:24:50 INFO  DaoMySql:57 - --Dao--- Batch updated count 500
2016-11-03 11:24:53 INFO  ManagerImpl:114 - Pushing to SQL count : 163
2016-11-03 11:24:53 INFO  DaoMySql:43 - Getting connection url jdbc:mysql://localhost:3306/trCaching user gorih pass root
2016-11-03 11:24:57 INFO  DaoMySql:57 - --Dao--- Batch updated count 500
2016-11-03 11:25:08 INFO  DaoMySql:57 - --Dao--- Batch updated count 500
2016-11-03 11:25:14 INFO  DaoMySql:57 - --Dao--- Batch updated count 500
2016-11-03 11:25:15 INFO  DaoMySql:57 - --Dao--- Batch updated count 163
2016-11-03 11:25:19 INFO  DaoMySql:57 - --Dao--- Batch updated count 500
2016-11-03 11:25:31 INFO  DaoMySql:57 - --Dao--- Batch updated count 500
2016-11-03 11:25:40 INFO  DaoMySql:57 - --Dao--- Batch updated count 500
2016-11-03 11:25:47 INFO  DaoMySql:57 - --Dao--- Batch updated count 500
2016-11-03 11:25:55 INFO  DaoMySql:57 - --Dao--- Batch updated count 500
2016-11-03 11:26:00 INFO  DaoMySql:57 - --Dao--- Batch updated count 500
